[22:29:55] [ServerMain/INFO]: [bootstrap] Running Java 21 (OpenJDK 64-Bit Server VM 21.0.5+11-Ubuntu-1ubuntu120.04; Ubuntu null) on Linux 6.5.0-1025-azure (amd64)
[22:29:55] [ServerMain/INFO]: [bootstrap] Loading Paper 1.21-130-master@b1b5d4c (2024-08-10T10:02:42Z) for Minecraft 1.21
[22:29:55] [ServerMain/INFO]: [PluginInitializerManager] Initializing plugins...
[22:29:56] [Paper Plugin Remapper Thread - 2/INFO]: [PluginRemapper] Remapping plugin 'plugins/HomesPlugin-1.4.jar'...
[22:29:56] [Paper Plugin Remapper Thread - 2/INFO]: [PluginRemapper] Done remapping plugin 'plugins/HomesPlugin-1.4.jar' in 529ms.
[22:29:58] [DefaultMetadataResolver-0-3/INFO]: [MavenLibraryResolver] Downloading https://repo.extendedclip.com/content/repositories/placeholderapi/org/mineskin/java-client-jsoup/2.0.0-SNAPSHOT/maven-metadata.xml
[22:29:58] [DefaultMetadataResolver-0-2/INFO]: [MavenLibraryResolver] Downloading https://repo.opencollab.dev/main/org/mineskin/java-client-jsoup/2.0.0-SNAPSHOT/maven-metadata.xml
[22:29:58] [DefaultMetadataResolver-0-0/INFO]: [MavenLibraryResolver] Downloading https://repo.papermc.io/repository/maven-public/org/mineskin/java-client-jsoup/2.0.0-SNAPSHOT/maven-metadata.xml
[22:29:58] [DefaultMetadataResolver-0-1/INFO]: [MavenLibraryResolver] Downloading https://oss.sonatype.org/content/groups/public/org/mineskin/java-client-jsoup/2.0.0-SNAPSHOT/maven-metadata.xml
[22:29:58] [DefaultMetadataResolver-0-2/INFO]: [MavenLibraryResolver] Downloading https://repo.inventivetalent.org/repository/public/org/mineskin/java-client-jsoup/2.0.0-SNAPSHOT/maven-metadata.xml
[22:29:58] [DefaultMetadataResolver-0-1/INFO]: [MavenLibraryResolver] Downloading https://repo.codemc.org/repository/maven-releases/org/mineskin/java-client-jsoup/2.0.0-SNAPSHOT/maven-metadata.xml
[22:29:58] [DefaultMetadataResolver-0-3/INFO]: [MavenLibraryResolver] Downloading https://maven.quiltmc.org/repository/release/org/mineskin/java-client-jsoup/2.0.0-SNAPSHOT/maven-metadata.xml
[22:29:58] [DefaultMetadataResolver-0-0/INFO]: [MavenLibraryResolver] Downloading https://maven.fabricmc.net/org/mineskin/java-client-jsoup/2.0.0-SNAPSHOT/maven-metadata.xml
[22:29:59] [ServerMain/INFO]: [MavenLibraryResolver] Downloading https://repo.papermc.io/repository/maven-public/org/mineskin/java-client-jsoup/2.0.0-SNAPSHOT/java-client-jsoup-2.0.0-20240827.133951-2.pom
[22:29:59] [ServerMain/INFO]: [MavenLibraryResolver] Downloading https://oss.sonatype.org/content/groups/public/org/mineskin/java-client-jsoup/2.0.0-SNAPSHOT/java-client-jsoup-2.0.0-20240827.133951-2.pom
[22:29:59] [ServerMain/INFO]: [MavenLibraryResolver] Downloading https://repo.opencollab.dev/main/org/mineskin/java-client-jsoup/2.0.0-SNAPSHOT/java-client-jsoup-2.0.0-20240827.133951-2.pom
[22:29:59] [ServerMain/INFO]: [MavenLibraryResolver] Downloading https://repo.extendedclip.com/content/repositories/placeholderapi/org/mineskin/java-client-jsoup/2.0.0-SNAPSHOT/java-client-jsoup-2.0.0-20240827.133951-2.pom
[22:30:00] [ServerMain/INFO]: [MavenLibraryResolver] Downloading https://repo.inventivetalent.org/repository/public/org/mineskin/java-client-jsoup/2.0.0-SNAPSHOT/java-client-jsoup-2.0.0-20240827.133951-2.pom
[22:30:00] [ServerMain/INFO]: [MavenLibraryResolver] Downloading https://repo.papermc.io/repository/maven-public/org/mineskin/client-parent/PARENT/client-parent-PARENT.pom
[22:30:00] [ServerMain/INFO]: [MavenLibraryResolver] Downloading https://oss.sonatype.org/content/groups/public/org/mineskin/client-parent/PARENT/client-parent-PARENT.pom
[22:30:00] [ServerMain/INFO]: [MavenLibraryResolver] Downloading https://repo.opencollab.dev/main/org/mineskin/client-parent/PARENT/client-parent-PARENT.pom
[22:30:01] [ServerMain/INFO]: [MavenLibraryResolver] Downloading https://repo.extendedclip.com/content/repositories/placeholderapi/org/mineskin/client-parent/PARENT/client-parent-PARENT.pom
[22:30:01] [ServerMain/INFO]: [MavenLibraryResolver] Downloading https://repo.inventivetalent.org/repository/public/org/mineskin/client-parent/PARENT/client-parent-PARENT.pom
[22:30:01] [DefaultMetadataResolver-1-0/INFO]: [MavenLibraryResolver] Downloading https://repo.papermc.io/repository/maven-public/org/mineskin/java-client/2.0.0-SNAPSHOT/maven-metadata.xml
[22:30:01] [DefaultMetadataResolver-1-2/INFO]: [MavenLibraryResolver] Downloading https://repo.opencollab.dev/main/org/mineskin/java-client/2.0.0-SNAPSHOT/maven-metadata.xml
[22:30:01] [DefaultMetadataResolver-1-1/INFO]: [MavenLibraryResolver] Downloading https://oss.sonatype.org/content/groups/public/org/mineskin/java-client/2.0.0-SNAPSHOT/maven-metadata.xml
[22:30:01] [DefaultMetadataResolver-1-3/INFO]: [MavenLibraryResolver] Downloading https://repo.extendedclip.com/content/repositories/placeholderapi/org/mineskin/java-client/2.0.0-SNAPSHOT/maven-metadata.xml
[22:30:01] [DefaultMetadataResolver-1-2/INFO]: [MavenLibraryResolver] Downloading https://repo.inventivetalent.org/repository/public/org/mineskin/java-client/2.0.0-SNAPSHOT/maven-metadata.xml
[22:30:01] [DefaultMetadataResolver-1-1/INFO]: [MavenLibraryResolver] Downloading https://repo.codemc.org/repository/maven-releases/org/mineskin/java-client/2.0.0-SNAPSHOT/maven-metadata.xml
[22:30:01] [DefaultMetadataResolver-1-2/INFO]: [MavenLibraryResolver] Downloading https://maven.quiltmc.org/repository/release/org/mineskin/java-client/2.0.0-SNAPSHOT/maven-metadata.xml
[22:30:01] [DefaultMetadataResolver-1-0/INFO]: [MavenLibraryResolver] Downloading https://maven.fabricmc.net/org/mineskin/java-client/2.0.0-SNAPSHOT/maven-metadata.xml
[22:30:01] [DefaultMetadataResolver-1-3/INFO]: [MavenLibraryResolver] Downloading https://repo.inventivetalent.org/repository/public/org/mineskin/java-client/2.0.0-SNAPSHOT/maven-metadata.xml
[22:30:02] [ServerMain/INFO]: [MavenLibraryResolver] Downloading https://repo.papermc.io/repository/maven-public/org/mineskin/java-client/2.0.0-SNAPSHOT/java-client-2.0.0-20240827.133939-2.pom
[22:30:02] [ServerMain/INFO]: [MavenLibraryResolver] Downloading https://oss.sonatype.org/content/groups/public/org/mineskin/java-client/2.0.0-SNAPSHOT/java-client-2.0.0-20240827.133939-2.pom
[22:30:02] [ServerMain/INFO]: [MavenLibraryResolver] Downloading https://repo.opencollab.dev/main/org/mineskin/java-client/2.0.0-SNAPSHOT/java-client-2.0.0-20240827.133939-2.pom
[22:30:02] [ServerMain/INFO]: [MavenLibraryResolver] Downloading https://repo.extendedclip.com/content/repositories/placeholderapi/org/mineskin/java-client/2.0.0-SNAPSHOT/java-client-2.0.0-20240827.133939-2.pom
[22:30:02] [ServerMain/INFO]: [MavenLibraryResolver] Downloading https://repo.inventivetalent.org/repository/public/org/mineskin/java-client/2.0.0-SNAPSHOT/java-client-2.0.0-20240827.133939-2.pom
[22:30:02] [ServerMain/INFO]: [MavenLibraryResolver] Downloading https://repo.papermc.io/repository/maven-public/com/google/code/gson/gson/2.10.1/gson-2.10.1.pom
[22:30:03] [ServerMain/INFO]: [MavenLibraryResolver] Downloading https://repo.papermc.io/repository/maven-public/com/google/code/gson/gson-parent/2.10.1/gson-parent-2.10.1.pom
[22:30:03] [ServerMain/INFO]: [MavenLibraryResolver] Downloading https://repo.papermc.io/repository/maven-public/com/google/guava/guava/32.1.2-jre/guava-32.1.2-jre.pom
[22:30:03] [ServerMain/INFO]: [MavenLibraryResolver] Downloading https://repo.papermc.io/repository/maven-public/com/google/guava/guava-parent/32.1.2-jre/guava-parent-32.1.2-jre.pom
[22:30:04] [ServerMain/INFO]: [MavenLibraryResolver] Downloading https://repo.papermc.io/repository/maven-public/com/google/guava/failureaccess/1.0.1/failureaccess-1.0.1.pom
[22:30:04] [ServerMain/INFO]: [MavenLibraryResolver] Downloading https://repo.papermc.io/repository/maven-public/com/google/guava/guava-parent/26.0-android/guava-parent-26.0-android.pom
[22:30:04] [ServerMain/INFO]: [MavenLibraryResolver] Downloading https://repo.papermc.io/repository/maven-public/org/sonatype/oss/oss-parent/9/oss-parent-9.pom
[22:30:04] [ServerMain/INFO]: [MavenLibraryResolver] Downloading https://repo.papermc.io/repository/maven-public/com/google/guava/listenablefuture/9999.0-empty-to-avoid-conflict-with-guava/listenablefuture-9999.0-empty-to-avoid-conflict-with-guava.pom
[22:30:05] [ServerMain/INFO]: [MavenLibraryResolver] Downloading https://repo.papermc.io/repository/maven-public/com/google/code/findbugs/jsr305/3.0.2/jsr305-3.0.2.pom
[22:30:05] [ServerMain/INFO]: [MavenLibraryResolver] Downloading https://repo.papermc.io/repository/maven-public/org/sonatype/oss/oss-parent/7/oss-parent-7.pom
[22:30:05] [ServerMain/INFO]: [MavenLibraryResolver] Downloading https://repo.papermc.io/repository/maven-public/org/checkerframework/checker-qual/3.33.0/checker-qual-3.33.0.pom
[22:30:05] [ServerMain/INFO]: [MavenLibraryResolver] Downloading https://repo.papermc.io/repository/maven-public/com/google/errorprone/error_prone_annotations/2.18.0/error_prone_annotations-2.18.0.pom
[22:30:06] [ServerMain/INFO]: [MavenLibraryResolver] Downloading https://repo.papermc.io/repository/maven-public/com/google/errorprone/error_prone_parent/2.18.0/error_prone_parent-2.18.0.pom
[22:30:06] [ServerMain/INFO]: [MavenLibraryResolver] Downloading https://repo.papermc.io/repository/maven-public/com/google/j2objc/j2objc-annotations/2.8/j2objc-annotations-2.8.pom
[22:30:06] [ServerMain/INFO]: [MavenLibraryResolver] Downloading https://repo.papermc.io/repository/maven-public/org/jsoup/jsoup/1.17.2/jsoup-1.17.2.pom
[22:30:07] [ServerMain/INFO]: [MavenLibraryResolver] Downloading https://repo.inventivetalent.org/repository/public/org/mineskin/java-client-jsoup/2.0.0-SNAPSHOT/java-client-jsoup-2.0.0-20240827.133951-2.jar
[22:30:07] [BasicRepositoryConnector-repo.inventivetalent.org-2-0/INFO]: [MavenLibraryResolver] Downloading https://repo.inventivetalent.org/repository/public/org/mineskin/java-client/2.0.0-SNAPSHOT/java-client-2.0.0-20240827.133939-2.jar
[22:30:07] [ServerMain/INFO]: [MavenLibraryResolver] Downloading https://repo.papermc.io/repository/maven-public/org/jsoup/jsoup/1.17.2/jsoup-1.17.2.jar
[22:30:07] [BasicRepositoryConnector-repo.papermc.io-3-0/INFO]: [MavenLibraryResolver] Downloading https://repo.papermc.io/repository/maven-public/com/google/j2objc/j2objc-annotations/2.8/j2objc-annotations-2.8.jar
[22:30:07] [ServerMain/INFO]: [MavenLibraryResolver] Downloading https://repo.moros.me/releases/com/github/ben-manes/caffeine/caffeine/3.1.8/caffeine-3.1.8.pom
[22:30:07] [ServerMain/INFO]: [MavenLibraryResolver] Downloading https://repo.moros.me/releases/org/checkerframework/checker-qual/3.37.0/checker-qual-3.37.0.pom
[22:30:08] [ServerMain/INFO]: [MavenLibraryResolver] Downloading https://repo.moros.me/releases/com/google/errorprone/error_prone_annotations/2.21.1/error_prone_annotations-2.21.1.pom
[22:30:08] [ServerMain/INFO]: [MavenLibraryResolver] Downloading https://repo.moros.me/releases/com/google/errorprone/error_prone_parent/2.21.1/error_prone_parent-2.21.1.pom
[22:30:08] [ServerMain/INFO]: [MavenLibraryResolver] Downloading https://repo.moros.me/releases/com/h2database/h2/2.2.224/h2-2.2.224.pom
[22:30:08] [ServerMain/INFO]: [MavenLibraryResolver] Downloading https://repo.moros.me/releases/com/zaxxer/HikariCP/5.1.0/HikariCP-5.1.0.pom
[22:30:08] [ServerMain/INFO]: [MavenLibraryResolver] Downloading https://repo.moros.me/releases/org/slf4j/slf4j-api/1.7.36/slf4j-api-1.7.36.pom
[22:30:08] [ServerMain/INFO]: [MavenLibraryResolver] Downloading https://repo.moros.me/releases/org/slf4j/slf4j-parent/1.7.36/slf4j-parent-1.7.36.pom
[22:30:08] [ServerMain/INFO]: [MavenLibraryResolver] Downloading https://repo.moros.me/releases/org/flywaydb/flyway-core/10.15.2/flyway-core-10.15.2.pom
[22:30:08] [ServerMain/INFO]: [MavenLibraryResolver] Downloading https://repo.moros.me/releases/org/flywaydb/flyway-parent/10.15.2/flyway-parent-10.15.2.pom
[22:30:08] [ServerMain/INFO]: [MavenLibraryResolver] Downloading https://repo.moros.me/releases/com/fasterxml/jackson/dataformat/jackson-dataformat-toml/2.15.2/jackson-dataformat-toml-2.15.2.pom
[22:30:09] [ServerMain/INFO]: [MavenLibraryResolver] Downloading https://repo.moros.me/releases/com/fasterxml/jackson/dataformat/jackson-dataformats-text/2.15.2/jackson-dataformats-text-2.15.2.pom
[22:30:09] [ServerMain/INFO]: [MavenLibraryResolver] Downloading https://repo.moros.me/releases/com/fasterxml/jackson/jackson-base/2.15.2/jackson-base-2.15.2.pom
[22:30:09] [ServerMain/INFO]: [MavenLibraryResolver] Downloading https://repo.moros.me/releases/com/fasterxml/jackson/jackson-bom/2.15.2/jackson-bom-2.15.2.pom
[22:30:09] [ServerMain/INFO]: [MavenLibraryResolver] Downloading https://repo.moros.me/releases/com/fasterxml/jackson/jackson-parent/2.15/jackson-parent-2.15.pom
[22:30:09] [ServerMain/INFO]: [MavenLibraryResolver] Downloading https://repo.moros.me/releases/com/fasterxml/oss-parent/50/oss-parent-50.pom
[22:30:09] [ServerMain/INFO]: [MavenLibraryResolver] Downloading https://repo.moros.me/releases/com/fasterxml/jackson/core/jackson-databind/2.15.2/jackson-databind-2.15.2.pom
[22:30:09] [ServerMain/INFO]: [MavenLibraryResolver] Downloading https://repo.moros.me/releases/org/junit/junit-bom/5.9.2/junit-bom-5.9.2.pom
[22:30:09] [ServerMain/INFO]: [MavenLibraryResolver] Downloading https://repo.moros.me/releases/com/fasterxml/jackson/core/jackson-annotations/2.15.2/jackson-annotations-2.15.2.pom
[22:30:09] [ServerMain/INFO]: [MavenLibraryResolver] Downloading https://repo.moros.me/releases/com/fasterxml/jackson/core/jackson-core/2.15.2/jackson-core-2.15.2.pom
[22:30:10] [ServerMain/INFO]: [org.eclipse.aether.internal.impl.DefaultArtifactResolver] Artifact com.google.code.gson:gson:pom:2.10.1 is present in the local repository, but cached from a remote repository ID that is unavailable in current build context, verifying that is downloadable from [atlas (https://repo.moros.me/releases, default, releases+snapshots), paper (https://repo.papermc.io/repository/maven-public, default, releases+snapshots), maven-central (https://repo1.maven.org/maven2, default, releases+snapshots), repo.gradle.org (https://repo.gradle.org/gradle/libs-releases-local/, default, releases+snapshots), flyway-repo (https://nexus.flywaydb.org/repository/flyway/, default, releases+snapshots), flyway-community-db-support (https://maven.pkg.github.com/flyway/flyway-community-db-support, default, releases+snapshots), central (https://repo.maven.apache.org/maven2, default, releases)]
[22:30:10] [ServerMain/INFO]: [org.eclipse.aether.internal.impl.DefaultArtifactResolver] Artifact com.google.code.gson:gson:pom:2.10.1 is present in the local repository, but cached from a remote repository ID that is unavailable in current build context, verifying that is downloadable from [atlas (https://repo.moros.me/releases, default, releases+snapshots), paper (https://repo.papermc.io/repository/maven-public, default, releases+snapshots), maven-central (https://repo1.maven.org/maven2, default, releases+snapshots), repo.gradle.org (https://repo.gradle.org/gradle/libs-releases-local/, default, releases+snapshots), flyway-repo (https://nexus.flywaydb.org/repository/flyway/, default, releases+snapshots), flyway-community-db-support (https://maven.pkg.github.com/flyway/flyway-community-db-support, default, releases+snapshots), central (https://repo.maven.apache.org/maven2, default, releases)]
[22:30:10] [ServerMain/INFO]: [MavenLibraryResolver] Downloading https://repo.moros.me/releases/com/google/code/gson/gson/2.10.1/gson-2.10.1.pom
[22:30:10] [ServerMain/INFO]: [org.eclipse.aether.internal.impl.DefaultArtifactResolver] Artifact com.google.code.gson:gson-parent:pom:2.10.1 is present in the local repository, but cached from a remote repository ID that is unavailable in current build context, verifying that is downloadable from [atlas (https://repo.moros.me/releases, default, releases+snapshots), paper (https://repo.papermc.io/repository/maven-public, default, releases+snapshots), maven-central (https://repo1.maven.org/maven2, default, releases+snapshots), repo.gradle.org (https://repo.gradle.org/gradle/libs-releases-local/, default, releases+snapshots), flyway-repo (https://nexus.flywaydb.org/repository/flyway/, default, releases+snapshots), flyway-community-db-support (https://maven.pkg.github.com/flyway/flyway-community-db-support, default, releases+snapshots), central (https://repo.maven.apache.org/maven2, default, releases)]
[22:30:10] [ServerMain/INFO]: [org.eclipse.aether.internal.impl.DefaultArtifactResolver] Artifact com.google.code.gson:gson-parent:pom:2.10.1 is present in the local repository, but cached from a remote repository ID that is unavailable in current build context, verifying that is downloadable from [atlas (https://repo.moros.me/releases, default, releases+snapshots), paper (https://repo.papermc.io/repository/maven-public, default, releases+snapshots), maven-central (https://repo1.maven.org/maven2, default, releases+snapshots), repo.gradle.org (https://repo.gradle.org/gradle/libs-releases-local/, default, releases+snapshots), flyway-repo (https://nexus.flywaydb.org/repository/flyway/, default, releases+snapshots), flyway-community-db-support (https://maven.pkg.github.com/flyway/flyway-community-db-support, default, releases+snapshots), central (https://repo.maven.apache.org/maven2, default, releases)]
[22:30:10] [ServerMain/INFO]: [MavenLibraryResolver] Downloading https://repo.moros.me/releases/com/google/code/gson/gson-parent/2.10.1/gson-parent-2.10.1.pom
[22:30:10] [ServerMain/INFO]: [MavenLibraryResolver] Downloading https://repo.moros.me/releases/org/flywaydb/flyway-database-hsqldb/10.15.2/flyway-database-hsqldb-10.15.2.pom
[22:30:10] [ServerMain/INFO]: [MavenLibraryResolver] Downloading https://repo.moros.me/releases/org/flywaydb/flyway-database-postgresql/10.15.2/flyway-database-postgresql-10.15.2.pom
[22:30:10] [ServerMain/INFO]: [MavenLibraryResolver] Downloading https://repo.moros.me/releases/org/flywaydb/flyway-mysql/10.15.2/flyway-mysql-10.15.2.pom
[22:30:10] [ServerMain/INFO]: [MavenLibraryResolver] Downloading https://repo.moros.me/releases/org/hsqldb/hsqldb/2.7.3/hsqldb-2.7.3.pom
[22:30:10] [ServerMain/INFO]: [MavenLibraryResolver] Downloading https://repo.moros.me/releases/org/jdbi/jdbi3-core/3.45.2/jdbi3-core-3.45.2.pom
[22:30:10] [ServerMain/INFO]: [MavenLibraryResolver] Downloading https://repo.moros.me/releases/org/jdbi/internal/jdbi3-parent/3.45.2/jdbi3-parent-3.45.2.pom
[22:30:10] [ServerMain/INFO]: [MavenLibraryResolver] Downloading https://repo.moros.me/releases/org/jdbi/jdbi3-build-parent/3.45.2/jdbi3-build-parent-3.45.2.pom
[22:30:11] [ServerMain/INFO]: [MavenLibraryResolver] Downloading https://repo.moros.me/releases/org/jdbi/internal/jdbi3-root/3.45.2/jdbi3-root-3.45.2.pom
[22:30:11] [ServerMain/INFO]: [MavenLibraryResolver] Downloading https://repo.moros.me/releases/org/basepom/basepom-oss/59/basepom-oss-59.pom
[22:30:11] [ServerMain/INFO]: [MavenLibraryResolver] Downloading https://repo.moros.me/releases/org/basepom/basepom-minimal/59/basepom-minimal-59.pom
[22:30:11] [ServerMain/INFO]: [MavenLibraryResolver] Downloading https://repo.moros.me/releases/org/basepom/basepom-foundation/59/basepom-foundation-59.pom
[22:30:11] [ServerMain/INFO]: [MavenLibraryResolver] Downloading https://repo.moros.me/releases/org/jdbi/jdbi3-bom/3.45.2/jdbi3-bom-3.45.2.pom
[22:30:11] [ServerMain/INFO]: [MavenLibraryResolver] Downloading https://repo.moros.me/releases/com/fasterxml/jackson/jackson-bom/2.12.7.20221012/jackson-bom-2.12.7.20221012.pom
[22:30:11] [ServerMain/INFO]: [MavenLibraryResolver] Downloading https://repo.moros.me/releases/com/fasterxml/jackson/jackson-parent/2.12/jackson-parent-2.12.pom
[22:30:11] [ServerMain/INFO]: [MavenLibraryResolver] Downloading https://repo.moros.me/releases/com/fasterxml/oss-parent/41/oss-parent-41.pom
[22:30:11] [ServerMain/INFO]: [MavenLibraryResolver] Downloading https://repo.moros.me/releases/org/junit/junit-bom/5.10.1/junit-bom-5.10.1.pom
[22:30:12] [ServerMain/INFO]: [MavenLibraryResolver] Downloading https://repo.moros.me/releases/org/testcontainers/testcontainers-bom/1.19.4/testcontainers-bom-1.19.4.pom
[22:30:12] [ServerMain/INFO]: [MavenLibraryResolver] Downloading https://repo.moros.me/releases/io/leangen/geantyref/geantyref/1.3.15/geantyref-1.3.15.pom
[22:30:12] [ServerMain/INFO]: [MavenLibraryResolver] Downloading https://repo.moros.me/releases/org/mariadb/jdbc/mariadb-java-client/3.4.0/mariadb-java-client-3.4.0.pom
[22:30:12] [ServerMain/INFO]: [MavenLibraryResolver] Downloading https://repo.moros.me/releases/org/junit/junit-bom/5.7.0/junit-bom-5.7.0.pom
[22:30:12] [ServerMain/INFO]: [MavenLibraryResolver] Downloading https://repo.moros.me/releases/software/amazon/awssdk/bom/2.21.1/bom-2.21.1.pom
[22:30:12] [ServerMain/INFO]: [MavenLibraryResolver] Downloading https://repo.moros.me/releases/software/amazon/awssdk/aws-sdk-java-pom/2.21.1/aws-sdk-java-pom-2.21.1.pom
[22:30:12] [ServerMain/INFO]: [MavenLibraryResolver] Downloading https://repo.moros.me/releases/com/github/waffle/waffle-jna/3.3.0/waffle-jna-3.3.0.pom
[22:30:12] [ServerMain/INFO]: [MavenLibraryResolver] Downloading https://repo.moros.me/releases/com/github/waffle/waffle-parent/3.3.0/waffle-parent-3.3.0.pom
[22:30:12] [ServerMain/INFO]: [MavenLibraryResolver] Downloading https://repo.moros.me/releases/net/java/dev/jna/jna/5.13.0/jna-5.13.0.pom
[22:30:13] [ServerMain/INFO]: [MavenLibraryResolver] Downloading https://repo.moros.me/releases/net/java/dev/jna/jna-platform/5.13.0/jna-platform-5.13.0.pom
[22:30:13] [ServerMain/INFO]: [MavenLibraryResolver] Downloading https://repo.moros.me/releases/org/slf4j/jcl-over-slf4j/2.0.7/jcl-over-slf4j-2.0.7.pom
[22:30:13] [ServerMain/INFO]: [MavenLibraryResolver] Downloading https://repo.moros.me/releases/org/slf4j/slf4j-parent/2.0.7/slf4j-parent-2.0.7.pom
[22:30:13] [ServerMain/INFO]: [MavenLibraryResolver] Downloading https://repo.moros.me/releases/org/slf4j/slf4j-api/2.0.7/slf4j-api-2.0.7.pom
[22:30:13] [ServerMain/INFO]: [MavenLibraryResolver] Downloading https://repo.moros.me/releases/com/github/ben-manes/caffeine/caffeine/2.9.3/caffeine-2.9.3.pom
[22:30:13] [ServerMain/INFO]: [MavenLibraryResolver] Downloading https://repo.moros.me/releases/org/checkerframework/checker-qual/3.19.0/checker-qual-3.19.0.pom
[22:30:13] [ServerMain/INFO]: [MavenLibraryResolver] Downloading https://repo.moros.me/releases/com/google/errorprone/error_prone_annotations/2.10.0/error_prone_annotations-2.10.0.pom
[22:30:13] [ServerMain/INFO]: [MavenLibraryResolver] Downloading https://repo.moros.me/releases/com/google/errorprone/error_prone_parent/2.10.0/error_prone_parent-2.10.0.pom
[22:30:13] [ServerMain/INFO]: [MavenLibraryResolver] Downloading https://repo.moros.me/releases/org/checkerframework/checker-qual/3.32.0/checker-qual-3.32.0.pom
[22:30:13] [ServerMain/INFO]: [MavenLibraryResolver] Downloading https://repo.moros.me/releases/org/postgresql/postgresql/42.7.3/postgresql-42.7.3.pom
[22:30:14] [ServerMain/INFO]: [MavenLibraryResolver] Downloading https://repo.moros.me/releases/org/checkerframework/checker-qual/3.42.0/checker-qual-3.42.0.pom
[22:30:14] [ServerMain/INFO]: [MavenLibraryResolver] Downloading https://repo.moros.me/releases/com/github/ben-manes/caffeine/caffeine/3.1.8/caffeine-3.1.8.jar
[22:30:14] [BasicRepositoryConnector-repo.moros.me-4-0/INFO]: [MavenLibraryResolver] Downloading https://repo.moros.me/releases/org/checkerframework/checker-qual/3.37.0/checker-qual-3.37.0.jar
[22:30:14] [BasicRepositoryConnector-repo.moros.me-4-1/INFO]: [MavenLibraryResolver] Downloading https://repo.moros.me/releases/com/google/errorprone/error_prone_annotations/2.21.1/error_prone_annotations-2.21.1.jar
[22:30:14] [BasicRepositoryConnector-repo.moros.me-4-2/INFO]: [MavenLibraryResolver] Downloading https://repo.moros.me/releases/com/h2database/h2/2.2.224/h2-2.2.224.jar
[22:30:14] [BasicRepositoryConnector-repo.moros.me-4-3/INFO]: [MavenLibraryResolver] Downloading https://repo.moros.me/releases/com/zaxxer/HikariCP/5.1.0/HikariCP-5.1.0.jar
[22:30:14] [BasicRepositoryConnector-repo.moros.me-4-4/INFO]: [MavenLibraryResolver] Downloading https://repo.moros.me/releases/org/slf4j/slf4j-api/1.7.36/slf4j-api-1.7.36.jar
[22:30:14] [BasicRepositoryConnector-repo.moros.me-4-0/INFO]: [MavenLibraryResolver] Downloading https://repo.moros.me/releases/org/flywaydb/flyway-core/10.15.2/flyway-core-10.15.2.jar
[22:30:14] [BasicRepositoryConnector-repo.moros.me-4-1/INFO]: [MavenLibraryResolver] Downloading https://repo.moros.me/releases/com/fasterxml/jackson/dataformat/jackson-dataformat-toml/2.15.2/jackson-dataformat-toml-2.15.2.jar
[22:30:14] [BasicRepositoryConnector-repo.moros.me-4-4/INFO]: [MavenLibraryResolver] Downloading https://repo.moros.me/releases/com/fasterxml/jackson/core/jackson-databind/2.15.2/jackson-databind-2.15.2.jar
[22:30:14] [BasicRepositoryConnector-repo.moros.me-4-3/INFO]: [MavenLibraryResolver] Downloading https://repo.moros.me/releases/com/fasterxml/jackson/core/jackson-annotations/2.15.2/jackson-annotations-2.15.2.jar
[22:30:14] [BasicRepositoryConnector-repo.moros.me-4-0/INFO]: [MavenLibraryResolver] Downloading https://repo.moros.me/releases/com/fasterxml/jackson/core/jackson-core/2.15.2/jackson-core-2.15.2.jar
[22:30:14] [BasicRepositoryConnector-repo.moros.me-4-2/INFO]: [MavenLibraryResolver] Downloading https://repo.moros.me/releases/org/flywaydb/flyway-database-hsqldb/10.15.2/flyway-database-hsqldb-10.15.2.jar
[22:30:14] [BasicRepositoryConnector-repo.moros.me-4-1/INFO]: [MavenLibraryResolver] Downloading https://repo.moros.me/releases/org/flywaydb/flyway-database-postgresql/10.15.2/flyway-database-postgresql-10.15.2.jar
[22:30:14] [BasicRepositoryConnector-repo.moros.me-4-3/INFO]: [MavenLibraryResolver] Downloading https://repo.moros.me/releases/org/flywaydb/flyway-mysql/10.15.2/flyway-mysql-10.15.2.jar
[22:30:14] [BasicRepositoryConnector-repo.moros.me-4-2/INFO]: [MavenLibraryResolver] Downloading https://repo.moros.me/releases/org/hsqldb/hsqldb/2.7.3/hsqldb-2.7.3.jar
[22:30:14] [BasicRepositoryConnector-repo.moros.me-4-1/INFO]: [MavenLibraryResolver] Downloading https://repo.moros.me/releases/org/jdbi/jdbi3-core/3.45.2/jdbi3-core-3.45.2.jar
[22:30:14] [BasicRepositoryConnector-repo.moros.me-4-4/INFO]: [MavenLibraryResolver] Downloading https://repo.moros.me/releases/org/mariadb/jdbc/mariadb-java-client/3.4.0/mariadb-java-client-3.4.0.jar
[22:30:14] [BasicRepositoryConnector-repo.moros.me-4-0/INFO]: [MavenLibraryResolver] Downloading https://repo.moros.me/releases/com/github/waffle/waffle-jna/3.3.0/waffle-jna-3.3.0.jar
[22:30:14] [BasicRepositoryConnector-repo.moros.me-4-3/INFO]: [MavenLibraryResolver] Downloading https://repo.moros.me/releases/net/java/dev/jna/jna/5.13.0/jna-5.13.0.jar
[22:30:14] [BasicRepositoryConnector-repo.moros.me-4-0/INFO]: [MavenLibraryResolver] Downloading https://repo.moros.me/releases/net/java/dev/jna/jna-platform/5.13.0/jna-platform-5.13.0.jar
[22:30:14] [BasicRepositoryConnector-repo.moros.me-4-2/INFO]: [MavenLibraryResolver] Downloading https://repo.moros.me/releases/org/slf4j/jcl-over-slf4j/2.0.7/jcl-over-slf4j-2.0.7.jar
[22:30:14] [BasicRepositoryConnector-repo.moros.me-4-1/INFO]: [MavenLibraryResolver] Downloading https://repo.moros.me/releases/org/postgresql/postgresql/42.7.3/postgresql-42.7.3.jar
[22:30:14] [ServerMain/INFO]: [PluginInitializerManager] Initialized 8 plugins
[22:30:14] [ServerMain/INFO]: [PluginInitializerManager] Paper plugins (2):
 - Bending (3.9.0), Origins (mc1.21.1-v1.3.0)
[22:30:14] [ServerMain/INFO]: [PluginInitializerManager] Bukkit plugins (6):
 - Chunky (1.4.28), Geyser-Spigot (2.6.0-SNAPSHOT), HomesPlugin (1.4), PhantomWorlds (2.0.12), ViaVersion (5.2.0), floodgate (2.2.3-SNAPSHOT (b114-83fbd6e))
[22:30:14] [ServerMain/ERROR]: [io.github.dueris.originspaper.Bootstrap] Eclipse was not found in classpath! Please install from modrinth : https://modrinth.com/plugin/eclipse-mixin
[22:30:20] [ServerMain/INFO]: Environment: Environment[sessionHost=https://sessionserver.mojang.com, servicesHost=https://api.minecraftservices.com, name=PROD]
[22:30:21] [ServerMain/INFO]: Found new data pack file/Dungeons and Taverns v4.4.4.zip, loading it automatically
[22:30:21] [ServerMain/INFO]: Found new data pack file/Ender-Dragon-Fight-Remastered-5.0beta.4.zip, loading it automatically
[22:30:21] [ServerMain/INFO]: Found new data pack file/Terralith_1.21_v2.5.7.zip, loading it automatically
[22:30:21] [ServerMain/INFO]: Found new data pack file/bukkit, loading it automatically
[22:30:21] [ServerMain/INFO]: Found new data pack file/dynamiclights-v1.8.5-mc1.17x-1.21x-datapack.zip, loading it automatically
[22:30:21] [ServerMain/INFO]: Found new data pack file/spellbound-weapons-v4.1.0c.zip, loading it automatically
[22:30:21] [ServerMain/INFO]: Found new data pack file/tectonic-datapack-2.4.2.zip, loading it automatically
[22:30:21] [ServerMain/INFO]: Found new data pack paper, loading it automatically
[22:30:22] [ServerMain/INFO]: No existing world data, creating new world
[22:30:24] [Worker-Main-1/WARN]: Invalid path in datapack: spellbound_weapons:advancement/magmus_charger copy.json, ignoring
[22:30:25] [ServerMain/INFO]: Loaded 1302 recipes
[22:30:25] [ServerMain/ERROR]: Couldn't load advancements: [minecraft:wander_add_map, minecraft:give_quest_trader_trade]
[22:30:25] [ServerMain/INFO]: Loaded 1465 advancements
[22:30:25] [Server thread/INFO]: Starting minecraft server version 1.21
[22:30:25] [Server thread/INFO]: Loading properties
[22:30:25] [Server thread/INFO]: This server is running Paper version 1.21-130-master@b1b5d4c (2024-08-10T10:02:42Z) (Implementing API version 1.21-R0.1-SNAPSHOT)
[22:30:26] [Server thread/INFO]: [spark] This server bundles the spark profiler. For more information please visit https://docs.papermc.io/paper/profiling
[22:30:26] [Server thread/INFO]: Server Ping Player Sample Count: 12
[22:30:26] [Server thread/INFO]: Using 4 threads for Netty based IO
[22:30:27] [Server thread/INFO]: [ChunkTaskScheduler] Chunk system is using 1 I/O threads, 1 worker threads, and population gen parallelism of 1 threads
[22:30:27] [Server thread/INFO]: Default game type: SURVIVAL
[22:30:27] [Server thread/INFO]: Generating keypair
[22:30:27] [Server thread/INFO]: Starting Minecraft server on *:25565
[22:30:28] [Server thread/INFO]: Using epoll channel type
[22:30:28] [Server thread/INFO]: Paper: Using libdeflate (Linux x86_64) compression from Velocity.
[22:30:28] [Server thread/INFO]: Paper: Using OpenSSL 1.1.x (Linux x86_64) cipher from Velocity.
[22:30:29] [Server thread/INFO]: [floodgate] Loading server plugin floodgate v2.2.3-SNAPSHOT (b114-83fbd6e)
[22:30:32] [Server thread/WARN]: [floodgate] en_ is not a supported Floodgate language.
[22:30:32] [Server thread/INFO]: [floodgate] Took 2,533ms to boot Floodgate
[22:30:32] [Server thread/INFO]: [ViaVersion] Loading server plugin ViaVersion v5.2.0
[22:30:32] [Server thread/INFO]: [ViaVersion] ViaVersion 5.2.0 is now loaded. Registering protocol transformers and injecting...
[22:30:33] [Via-Mappingloader-0/INFO]: [ViaVersion] Loading block connection mappings ...
[22:30:34] [Via-Mappingloader-0/INFO]: [ViaVersion] Using FastUtil Long2ObjectOpenHashMap for block connections
[22:30:35] [Server thread/INFO]: [Chunky] Loading server plugin Chunky v1.4.28
[22:30:35] [Server thread/INFO]: [Bending] Loading server plugin Bending v3.9.0
[22:30:36] [Server thread/INFO]: [HomesPlugin] Loading server plugin HomesPlugin v1.4
[22:30:36] [Server thread/INFO]: [Origins] Loading server plugin Origins vmc1.21.1-v1.3.0
[22:30:36] [Server thread/INFO]: [Geyser-Spigot] Loading server plugin Geyser-Spigot v2.6.0-SNAPSHOT
[22:30:38] [Server thread/INFO]: [Geyser-Spigot] Loading extensions...
[22:30:38] [Server thread/INFO]: [Geyser-Spigot] Loaded 0 extension(s)
[22:30:38] [Server thread/INFO]: [PhantomWorlds] Loading server plugin PhantomWorlds v2.0.12
[22:30:38] [Server thread/INFO]: Server permissions file permissions.yml is empty, ignoring it
[22:30:38] [Server thread/INFO]: [PhantomWorlds] Enabling PhantomWorlds v2.0.12
[22:30:38] [Server thread/INFO]: [PhantomWorlds] Starting up Placeholder Registration...
[22:30:38] [Server thread/INFO]: [PhantomWorlds] Checking compatibility with server...
[22:30:38] [Server thread/INFO]: [PhantomWorlds] Checking for backup directory...
[22:30:38] [Server thread/INFO]: [PhantomWorlds] Loading files...
[22:30:38] [Server thread/INFO]: [PhantomWorlds] Loading file SETTINGS...
[22:30:38] [Server thread/INFO]: [PhantomWorlds] Loading file ADVANCED_SETTINGS...
[22:30:38] [Server thread/INFO]: [PhantomWorlds] Loading file MESSAGES...
[22:30:38] [Server thread/INFO]: [PhantomWorlds] Loading file DATA...
[22:30:38] [Server thread/INFO]: [PhantomWorlds] Registering commands...
[22:30:39] [Server thread/INFO]: [PhantomWorlds] Registering listeners...
[22:30:39] [Server thread/INFO]: [PhantomWorlds] Running misc startup procedures...
[22:30:39] [Server thread/INFO]: [PhantomWorlds] Start-up complete (took 519252875000000ms)
[22:30:39] [Server thread/WARN]: **** SERVER IS RUNNING IN OFFLINE/INSECURE MODE!
[22:30:39] [Server thread/WARN]: The server will make no attempt to authenticate usernames. Beware.
[22:30:39] [Server thread/WARN]: While this makes the game possible to play without internet access, it also opens up the ability for hackers to connect with any username they choose.
[22:30:39] [Server thread/WARN]: To change this, set "online-mode" to "true" in the server.properties file.
[22:30:39] [Server thread/INFO]: Preparing level "world"
[22:30:39] [Server thread/INFO]: [PhantomWorlds] Loading worlds...
[22:30:39] [Server thread/INFO]: [PhantomWorlds] Loading managed worlds...
[22:31:07] [Server thread/INFO]: Preparing start region for dimension minecraft:overworld
[22:31:19] [Server thread/INFO]: Time elapsed: 11380 ms
[22:31:19] [Server thread/INFO]: Preparing start region for dimension minecraft:the_nether
[22:31:22] [Server thread/INFO]: Time elapsed: 3224 ms
[22:31:22] [Server thread/INFO]: Preparing start region for dimension minecraft:the_end
[22:31:23] [Server thread/INFO]: Time elapsed: 874 ms
[22:31:23] [Server thread/INFO]: [floodgate] Enabling floodgate v2.2.3-SNAPSHOT (b114-83fbd6e)
[22:31:24] [Server thread/INFO]: [ViaVersion] Enabling ViaVersion v5.2.0
[22:31:24] [Server thread/INFO]: [ViaVersion] ViaVersion detected server version: 1.21-1.21.1 (767)
[22:31:24] [Server thread/INFO]: [Chunky] Enabling Chunky v1.4.28
[22:31:24] [Server thread/INFO]: [Bending] Enabling Bending v3.9.0
[22:31:25] [Server thread/INFO]: [Bending] Successfully loaded native adapter for version 1.21
[22:31:25] [Server thread/INFO]: [com.zaxxer.hikari.HikariDataSource] bending-hikari - Starting...
[22:31:26] [Server thread/INFO]: [com.zaxxer.hikari.pool.HikariPool] bending-hikari - Added connection conn0: url=jdbc:h2:/workspaces/megacraft/servidor_minecraft/plugins/Bending/data/h2/bending user=BENDING
[22:31:26] [Server thread/INFO]: [com.zaxxer.hikari.HikariDataSource] bending-hikari - Start completed.
[22:31:27] [Server thread/INFO]: [org.flywaydb.core.FlywayExecutor] Database: jdbc:h2:/workspaces/megacraft/servidor_minecraft/plugins/Bending/data/h2/bending (H2 2.2)
[22:31:27] [Server thread/INFO]: [org.flywaydb.core.internal.schemahistory.JdbcTableSchemaHistory] Schema history table "PUBLIC"."bending_schemahistory" does not exist yet
[22:31:27] [Server thread/INFO]: [org.flywaydb.core.internal.command.DbValidate] Successfully validated 4 migrations (execution time 00:00.025s)
[22:31:27] [Server thread/INFO]: [org.flywaydb.core.internal.schemahistory.JdbcTableSchemaHistory] Creating Schema History table "PUBLIC"."bending_schemahistory" ...
[22:31:27] [Server thread/INFO]: [org.flywaydb.core.internal.command.DbMigrate] Current version of schema "PUBLIC": << Empty Schema >>
[22:31:27] [Server thread/INFO]: [org.flywaydb.core.internal.command.DbMigrate] Migrating schema "PUBLIC" to version "1 - Rename legacy tables"
[22:31:27] [Server thread/INFO]: [org.flywaydb.core.internal.command.DbMigrate] Migrating schema "PUBLIC" to version "2 - create tables"
[22:31:27] [Server thread/INFO]: [org.flywaydb.core.internal.command.DbMigrate] Migrating schema "PUBLIC" to version "3 - Migrate from legacy"
[22:31:27] [Server thread/INFO]: [org.flywaydb.core.internal.command.DbMigrate] Migrating schema "PUBLIC" to version "4 - namespace abilities"
[22:31:27] [Server thread/INFO]: [org.flywaydb.core.internal.command.DbMigrate] Successfully applied 4 migrations to schema "PUBLIC", now at version v4 (execution time 00:00.066s)
[22:31:27] [/INFO]: [Bending] Registered translations: [en]
[22:31:27] [Server thread/INFO]: [Bending] Found 67 registered abilities (9 Sequences)!
[22:31:27] [Server thread/INFO]: [Bending] Found 228 registered collisions!
[22:31:27] [Server thread/INFO]: [Bending] Registered protection plugins: []
[22:31:27] [Server thread/INFO]: [Bending] Registered translations: [en]
[22:31:28] [Server thread/INFO]: [HomesPlugin] Enabling HomesPlugin v1.4
[22:31:28] [Server thread/ERROR]: [HomesPlugin] AshLib plugin is missing! Please download and install AshLib to run HomesPlugin. (can be downloaded from: https://www.spigotmc.org/resources/ashlib.118282/ )
[22:31:28] [Server thread/INFO]: [HomesPlugin] Disabling HomesPlugin v1.4
[22:31:28] [Server thread/INFO]: [Origins] Enabling Origins vmc1.21.1-v1.3.0
[22:31:28] [Server thread/WARN]: [GlowingEntities] [GlowingEntities] Loaded not matching version of the mappings for your server version
[22:31:28] [Server thread/ERROR]: Error occurred while enabling Origins vmc1.21.1-v1.3.0 (Is it up to date?)
java.lang.RuntimeException: An unexpected error occurred when parsing the OriginsPaper renderer!
	at originspaper-mc1.21.1-v1.3.0.jar/io.github.dueris.originspaper.client.texture.TexturesImpl.init(TexturesImpl.java:73) ~[originspaper-mc1.21.1-v1.3.0.jar:?]
	at originspaper-mc1.21.1-v1.3.0.jar/io.github.dueris.originspaper.client.MinecraftClient.init(MinecraftClient.java:25) ~[originspaper-mc1.21.1-v1.3.0.jar:?]
	at originspaper-mc1.21.1-v1.3.0.jar/io.github.dueris.originspaper.plugin.OriginsPlugin.onEnable(OriginsPlugin.java:41) ~[originspaper-mc1.21.1-v1.3.0.jar:?]
	at org.bukkit.plugin.java.JavaPlugin.setEnabled(JavaPlugin.java:288) ~[paper-api-1.21-R0.1-SNAPSHOT.jar:?]
	at io.papermc.paper.plugin.manager.PaperPluginInstanceManager.enablePlugin(PaperPluginInstanceManager.java:202) ~[paper-1.21.jar:1.21-130-b1b5d4c]
	at io.papermc.paper.plugin.manager.PaperPluginManagerImpl.enablePlugin(PaperPluginManagerImpl.java:109) ~[paper-1.21.jar:1.21-130-b1b5d4c]
	at org.bukkit.plugin.SimplePluginManager.enablePlugin(SimplePluginManager.java:520) ~[paper-api-1.21-R0.1-SNAPSHOT.jar:?]
	at org.bukkit.craftbukkit.CraftServer.enablePlugin(CraftServer.java:640) ~[paper-1.21.jar:1.21-130-b1b5d4c]
	at org.bukkit.craftbukkit.CraftServer.enablePlugins(CraftServer.java:589) ~[paper-1.21.jar:1.21-130-b1b5d4c]
	at net.minecraft.server.MinecraftServer.loadWorld0(MinecraftServer.java:754) ~[paper-1.21.jar:1.21-130-b1b5d4c]
	at net.minecraft.server.MinecraftServer.loadLevel(MinecraftServer.java:516) ~[paper-1.21.jar:1.21-130-b1b5d4c]
	at net.minecraft.server.dedicated.DedicatedServer.initServer(DedicatedServer.java:329) ~[paper-1.21.jar:1.21-130-b1b5d4c]
	at net.minecraft.server.MinecraftServer.runServer(MinecraftServer.java:1215) ~[paper-1.21.jar:1.21-130-b1b5d4c]
	at net.minecraft.server.MinecraftServer.lambda$spin$0(MinecraftServer.java:330) ~[paper-1.21.jar:1.21-130-b1b5d4c]
	at java.base/java.lang.Thread.run(Thread.java:1583) ~[?:?]
Caused by: java.lang.NullPointerException: Cannot invoke "io.papermc.paper.plugin.bootstrap.BootstrapContext.getPluginSource()" because "bootContext" is null
	at originspaper-mc1.21.1-v1.3.0.jar/io.github.dueris.originspaper.client.texture.TexturesImpl.init(TexturesImpl.java:31) ~[originspaper-mc1.21.1-v1.3.0.jar:?]
	... 14 more
[22:31:28] [Server thread/INFO]: [Origins] Disabling Origins vmc1.21.1-v1.3.0
[22:31:28] [Server thread/INFO]: [Geyser-Spigot] Enabling Geyser-Spigot v2.6.0-SNAPSHOT
[22:31:29] [Server thread/INFO]: [spark] Starting background profiler...
[22:31:29] [Server thread/INFO]: [Geyser-Spigot] ******************************************
[22:31:29] [Server thread/INFO]: [Geyser-Spigot] 
[22:31:29] [Server thread/INFO]: [Geyser-Spigot] Loading Geyser version 2.6.0-b732 (git-master-54bdb63)
[22:31:29] [Server thread/INFO]: [Geyser-Spigot] 
[22:31:29] [Server thread/INFO]: [Geyser-Spigot] ******************************************
[22:31:38] [epollEventLoopGroup-3-2/INFO]: [Geyser-Spigot] Started Geyser on UDP port 19132
[22:31:38] [Server thread/INFO]: [Geyser-Spigot] Done (8.985s)! Run /geyser help for help!
[22:31:39] [Server thread/INFO]: Done preparing level "world" (59.862s)
[22:31:39] [Server thread/INFO]: Running delayed init tasks
[22:31:39] [Server thread/INFO]: Done (104.966s)! For help, type "help"
[22:31:39] [Server thread/INFO]: Timings Reset
[22:31:39] [Craft Scheduler Thread - 6 - ViaVersion/INFO]: [ViaVersion] Finished mapping loading, shutting down loader executor.
[22:33:04] [User Authenticator #0/INFO]: UUID of player Riqulmer2358 is 39b009e5-008e-3b2c-904a-ddfa00240e31
[22:33:05] [Server thread/INFO]: Riqulmer2358 joined the game
[22:33:05] [Server thread/INFO]: Riqulmer2358[/127.133.7.121:38503] logged in with entity id 76 at ([world]-224.0, 75.0, 320.0)
[22:33:09] [Server thread/INFO]: Riqulmer2358 issued server command: /gamemode creative
[22:33:09] [Server thread/INFO]: [Riqulmer2358: Set own game mode to Creative Mode]
[22:33:22] [Server thread/INFO]: Riqulmer2358 issued server command: /datapack enable
[22:33:26] [Server thread/INFO]: Riqulmer2358 issued server command: /datapack list
[22:34:31] [Server thread/INFO]: Riqulmer2358 issued server command: /reload
[22:34:31] [Server thread/INFO]: Riqulmer2358: Are you sure you wish to reload your server? Doing so may cause bugs and memory leaks. It is recommended to restart instead of using /reload. To confirm, please type /reload confirm
[22:35:38] [Server thread/INFO]: Riqulmer2358 issued server command: /gamemode survival
[22:35:38] [Server thread/INFO]: [Riqulmer2358: Set own game mode to Survival Mode]
[22:35:53] [Server thread/INFO]: Riqulmer2358 issued server command: /gamemode creative
[22:35:53] [Server thread/INFO]: [Riqulmer2358: Set own game mode to Creative Mode]
[22:36:57] [Paper Common Worker #0/ERROR]: Block-attached entity at invalid position: BlockPos{x=202, y=47, z=211}
[22:37:32] [Server thread/INFO]: Riqulmer2358 has made the advancement [Acquire Hardware]
[22:40:44] [Server thread/INFO]: Riqulmer2358 lost connection: Disconnected
[22:40:45] [Server thread/INFO]: Riqulmer2358 left the game
[22:41:27] [User Authenticator #1/INFO]: UUID of player Riqulmer2358 is 39b009e5-008e-3b2c-904a-ddfa00240e31
[22:41:27] [Server thread/INFO]: Riqulmer2358 joined the game
[22:41:27] [Server thread/INFO]: Riqulmer2358[/127.133.7.121:53197] logged in with entity id 3331 at ([world]-928.0257221945342, 66.83066836326365, 513.7463170365867)
[22:46:09] [Server thread/INFO]: Riqulmer2358 has made the advancement [Monster Hunter]
[22:49:20] [Server thread/INFO]: Riqulmer2358 lost connection: Disconnected
[22:49:20] [Server thread/INFO]: Riqulmer2358 left the game
[22:52:00] [User Authenticator #2/INFO]: UUID of player Riqulmer2358 is 39b009e5-008e-3b2c-904a-ddfa00240e31
[22:52:01] [Server thread/INFO]: Riqulmer2358 joined the game
[22:52:01] [Server thread/INFO]: Riqulmer2358[/127.133.7.121:47933] logged in with entity id 4709 at ([world]-992.1616601263164, 76.0, 555.158861299743)
[22:52:35] [Server thread/INFO]: Riqulmer2358 issued server command: /gamemode survival
[22:52:35] [Server thread/INFO]: [Riqulmer2358: Set own game mode to Survival Mode]
[22:53:05] [Server thread/INFO]: Riqulmer2358 issued server command: /gamemode creative
[22:53:05] [Server thread/INFO]: [Riqulmer2358: Set own game mode to Creative Mode]
[22:55:18] [Server thread/INFO]: Riqulmer2358 has made the advancement [Fishy Business]
[22:56:07] [Server thread/INFO]: Riqulmer2358 lost connection: Disconnected
[22:56:07] [Server thread/INFO]: Riqulmer2358 left the game
[22:56:19] [Server thread/INFO]: Stopping the server
[22:56:19] [Server thread/INFO]: Stopping server
[22:56:19] [Server thread/INFO]: [PhantomWorlds] Disabling PhantomWorlds v2.0.12
[22:56:19] [Server thread/INFO]: [PhantomWorlds] Shut-down complete (took 8418000000ms)
[22:56:19] [Server thread/INFO]: [Geyser-Spigot] Disabling Geyser-Spigot v2.6.0-SNAPSHOT
[22:56:19] [Server thread/INFO]: [Geyser-Spigot] Shutting down Geyser.
[22:56:19] [Server thread/INFO]: [Geyser-Spigot] Geyser shutdown successfully.
[22:56:19] [Server thread/INFO]: [Bending] Disabling Bending v3.9.0
[22:56:19] [Server thread/INFO]: [com.zaxxer.hikari.HikariDataSource] bending-hikari - Shutdown initiated...
[22:56:19] [Server thread/INFO]: [com.zaxxer.hikari.HikariDataSource] bending-hikari - Shutdown completed.
[22:56:19] [Server thread/INFO]: [Chunky] Disabling Chunky v1.4.28
[22:56:19] [WebSocketConnectReadThread-124/INFO]: [Geyser-Spigot] The skin uploader has been closed
[22:56:19] [Server thread/INFO]: [ViaVersion] Disabling ViaVersion v5.2.0
[22:56:19] [Server thread/INFO]: [ViaVersion] ViaVersion has been disabled; uninjected the platform and shut down the scheduler.
[22:56:19] [Server thread/INFO]: [floodgate] Disabling floodgate v2.2.3-SNAPSHOT (b114-83fbd6e)
[22:56:19] [Server thread/INFO]: Saving players
[22:56:19] [Server thread/INFO]: Saving worlds
[22:56:19] [Server thread/INFO]: Saving chunks for level 'ServerLevel[world]'/minecraft:overworld
[22:56:19] [Server thread/INFO]: [ChunkHolderManager] Waiting 60s for chunk system to halt for world 'world'
[22:56:19] [Server thread/INFO]: [ChunkHolderManager] Halted chunk system for world 'world'
[22:56:19] [Server thread/INFO]: [ChunkHolderManager] Saving all chunkholders for world 'world'
[22:56:20] [Server thread/INFO]: [ChunkHolderManager] Saved 164 block chunks, 114 entity chunks, 0 poi chunks in world 'world' in 0.33s
[22:56:20] [Server thread/INFO]: Saving chunks for level 'ServerLevel[world_nether]'/minecraft:the_nether
[22:56:20] [Server thread/INFO]: [ChunkHolderManager] Waiting 60s for chunk system to halt for world 'world_nether'
[22:56:20] [Server thread/INFO]: [ChunkHolderManager] Halted chunk system for world 'world_nether'
[22:56:20] [Server thread/INFO]: [ChunkHolderManager] Saving all chunkholders for world 'world_nether'
[22:56:20] [Server thread/INFO]: [ChunkHolderManager] Saved 792 block chunks, 0 entity chunks, 0 poi chunks in world 'world_nether' in 0.35s
[22:56:20] [Server thread/INFO]: Saving chunks for level 'ServerLevel[world_the_end]'/minecraft:the_end
[22:56:20] [Server thread/INFO]: [ChunkHolderManager] Waiting 60s for chunk system to halt for world 'world_the_end'
[22:56:20] [Server thread/INFO]: [ChunkHolderManager] Halted chunk system for world 'world_the_end'
[22:56:20] [Server thread/INFO]: [ChunkHolderManager] Saving all chunkholders for world 'world_the_end'
[22:56:20] [Server thread/INFO]: [ChunkHolderManager] Saved 792 block chunks, 11 entity chunks, 0 poi chunks in world 'world_the_end' in 0.29s
[22:56:20] [Server thread/INFO]: ThreadedAnvilChunkStorage (world): All chunks are saved
[22:56:20] [Server thread/INFO]: ThreadedAnvilChunkStorage (DIM-1): All chunks are saved
[22:56:20] [Server thread/INFO]: ThreadedAnvilChunkStorage (DIM1): All chunks are saved
[22:56:20] [Server thread/INFO]: ThreadedAnvilChunkStorage: All dimensions are saved
